2026-02-26T20:35:33.820+05:30  INFO 50614 --- [14_Spring_test_log_and_web_doc] [main] e.i._.Application                        : Starting Application using Java 21.0.10 with PID 50614 (/home/sandula-sanchana/Desktop/GDSE/Spring-Theory/14_Spring_test_log_and_web_doc/target/classes started by sandula-sanchana in /home/sandula-sanchana/Desktop/GDSE/Spring-Theory)
2026-02-26T20:35:33.823+05:30  INFO 50614 --- [14_Spring_test_log_and_web_doc] [main] e.i._.Application                        : No active profile set, falling back to 1 default profile: "default"
2026-02-26T20:35:34.097+05:30  INFO 50614 --- [14_Spring_test_log_and_web_doc] [main] .s.d.r.c.RepositoryConfigurationDelegate : Bootstrapping Spring Data JPA repositories in DEFAULT mode.
2026-02-26T20:35:34.119+05:30  INFO 50614 --- [14_Spring_test_log_and_web_doc] [main] .s.d.r.c.RepositoryConfigurationDelegate : Finished Spring Data repository scanning in 18 ms. Found 1 JPA repository interface.
2026-02-26T20:35:34.333+05:30  INFO 50614 --- [14_Spring_test_log_and_web_doc] [main] o.s.boot.tomcat.TomcatWebServer          : Tomcat initialized with port 8080 (http)
2026-02-26T20:35:34.340+05:30  INFO 50614 --- [14_Spring_test_log_and_web_doc] [main] o.apache.catalina.core.StandardService   : Starting service [Tomcat]
2026-02-26T20:35:34.340+05:30  INFO 50614 --- [14_Spring_test_log_and_web_doc] [main] o.apache.catalina.core.StandardEngine    : Starting Servlet engine: [Apache Tomcat/11.0.18]
2026-02-26T20:35:34.357+05:30  INFO 50614 --- [14_Spring_test_log_and_web_doc] [main] b.w.c.s.WebApplicationContextInitializer : Root WebApplicationContext: initialization completed in 507 ms
2026-02-26T20:35:34.431+05:30  INFO 50614 --- [14_Spring_test_log_and_web_doc] [main] org.hibernate.orm.jpa                    : HHH008540: Processing PersistenceUnitInfo [name: default]
2026-02-26T20:35:34.450+05:30  INFO 50614 --- [14_Spring_test_log_and_web_doc] [main] org.hibernate.orm.core                   : HHH000001: Hibernate ORM core version 7.2.4.Final
2026-02-26T20:35:34.633+05:30  INFO 50614 --- [14_Spring_test_log_and_web_doc] [main] o.s.o.j.p.SpringPersistenceUnitInfo      : No LoadTimeWeaver setup: ignoring JPA class transformer
2026-02-26T20:35:34.647+05:30  INFO 50614 --- [14_Spring_test_log_and_web_doc] [main] com.zaxxer.hikari.HikariDataSource       : HikariPool-1 - Starting...
2026-02-26T20:35:34.719+05:30  INFO 50614 --- [14_Spring_test_log_and_web_doc] [main] com.zaxxer.hikari.pool.HikariPool        : HikariPool-1 - Added connection com.mysql.cj.jdbc.ConnectionImpl@5178345d
2026-02-26T20:35:34.721+05:30  INFO 50614 --- [14_Spring_test_log_and_web_doc] [main] com.zaxxer.hikari.HikariDataSource       : HikariPool-1 - Start completed.
2026-02-26T20:35:34.761+05:30  INFO 50614 --- [14_Spring_test_log_and_web_doc] [main] org.hibernate.orm.connections.pooling    : HHH10001005: Database info:
	Database JDBC URL [jdbc:mysql://localhost:3306/spring_mini_test?allowPublicKeyRetrieval=true&useSSL=false&serverTimezone=UTC&createDatabaseIfNotExist=true]
	Database driver: MySQL Connector/J
	Database dialect: MySQLDialect
	Database version: 8.4.8
	Default catalog/schema: spring_mini_test/undefined
	Autocommit mode: undefined/unknown
	Isolation level: REPEATABLE_READ [default REPEATABLE_READ]
	JDBC fetch size: none
	Pool: DataSourceConnectionProvider
	Minimum pool size: undefined/unknown
	Maximum pool size: undefined/unknown
2026-02-26T20:35:35.090+05:30  INFO 50614 --- [14_Spring_test_log_and_web_doc] [main] org.hibernate.orm.core                   : HHH000489: No JTA platform available (set 'hibernate.transaction.jta.platform' to enable JTA platform integration)
2026-02-26T20:35:35.126+05:30  INFO 50614 --- [14_Spring_test_log_and_web_doc] [main] j.LocalContainerEntityManagerFactoryBean : Initialized JPA EntityManagerFactory for persistence unit 'default'
2026-02-26T20:35:35.161+05:30  INFO 50614 --- [14_Spring_test_log_and_web_doc] [main] o.s.d.j.r.query.QueryEnhancerFactories   : Hibernate is in classpath; If applicable, HQL parser will be used.
2026-02-26T20:35:35.231+05:30  WARN 50614 --- [14_Spring_test_log_and_web_doc] [main] JpaBaseConfiguration$JpaWebConfiguration : spring.jpa.open-in-view is enabled by default. Therefore, database queries may be performed during view rendering. Explicitly configure spring.jpa.open-in-view to disable this warning
2026-02-26T20:35:35.397+05:30  INFO 50614 --- [14_Spring_test_log_and_web_doc] [main] o.s.boot.tomcat.TomcatWebServer          : Tomcat started on port 8080 (http) with context path '/'
2026-02-26T20:35:35.400+05:30  INFO 50614 --- [14_Spring_test_log_and_web_doc] [main] e.i._.Application                        : Started Application in 1.877 seconds (process running for 2.231)
2026-02-26T20:35:44.881+05:30  INFO 50614 --- [14_Spring_test_log_and_web_doc] [http-nio-8080-exec-2] o.a.c.c.C.[Tomcat].[localhost].[/]       : Initializing Spring DispatcherServlet 'dispatcherServlet'
2026-02-26T20:35:44.881+05:30  INFO 50614 --- [14_Spring_test_log_and_web_doc] [http-nio-8080-exec-2] o.s.web.servlet.DispatcherServlet        : Initializing Servlet 'dispatcherServlet'
2026-02-26T20:35:44.882+05:30  INFO 50614 --- [14_Spring_test_log_and_web_doc] [http-nio-8080-exec-2] o.s.web.servlet.DispatcherServlet        : Completed initialization in 1 ms
2026-02-26T20:35:55.246+05:30  INFO 50614 --- [14_Spring_test_log_and_web_doc] [http-nio-8080-exec-4] e.i._.controller.CustomerController      : saveCustomer
2026-02-26T20:35:55.246+05:30  WARN 50614 --- [14_Spring_test_log_and_web_doc] [http-nio-8080-exec-4] e.i._.controller.CustomerController      : warning log
2026-02-26T20:35:55.246+05:30 ERROR 50614 --- [14_Spring_test_log_and_web_doc] [http-nio-8080-exec-4] e.i._.controller.CustomerController      : error log
2026-02-26T20:43:39.107+05:30  INFO 50614 --- [14_Spring_test_log_and_web_doc] [SpringApplicationShutdownHook] o.s.boot.tomcat.GracefulShutdown         : Commencing graceful shutdown. Waiting for active requests to complete
2026-02-26T20:43:39.108+05:30  INFO 50614 --- [14_Spring_test_log_and_web_doc] [tomcat-shutdown] o.s.boot.tomcat.GracefulShutdown         : Graceful shutdown complete
2026-02-26T20:43:39.111+05:30  INFO 50614 --- [14_Spring_test_log_and_web_doc] [SpringApplicationShutdownHook] j.LocalContainerEntityManagerFactoryBean : Closing JPA EntityManagerFactory for persistence unit 'default'
2026-02-26T20:43:39.112+05:30  INFO 50614 --- [14_Spring_test_log_and_web_doc] [SpringApplicationShutdownHook] com.zaxxer.hikari.HikariDataSource       : HikariPool-1 - Shutdown initiated...
2026-02-26T20:43:39.115+05:30  INFO 50614 --- [14_Spring_test_log_and_web_doc] [SpringApplicationShutdownHook] com.zaxxer.hikari.HikariDataSource       : HikariPool-1 - Shutdown completed.
2026-02-26T20:43:42.286+05:30  INFO 51805 --- [14_Spring_test_log_and_web_doc] [main] e.i._.Application                        : Starting Application using Java 21.0.10 with PID 51805 (/home/sandula-sanchana/Desktop/GDSE/Spring-Theory/14_Spring_test_log_and_web_doc/target/classes started by sandula-sanchana in /home/sandula-sanchana/Desktop/GDSE/Spring-Theory)
2026-02-26T20:43:42.289+05:30  INFO 51805 --- [14_Spring_test_log_and_web_doc] [main] e.i._.Application                        : No active profile set, falling back to 1 default profile: "default"
2026-02-26T20:43:42.738+05:30  INFO 51805 --- [14_Spring_test_log_and_web_doc] [main] .s.d.r.c.RepositoryConfigurationDelegate : Bootstrapping Spring Data JPA repositories in DEFAULT mode.
2026-02-26T20:43:42.760+05:30  INFO 51805 --- [14_Spring_test_log_and_web_doc] [main] .s.d.r.c.RepositoryConfigurationDelegate : Finished Spring Data repository scanning in 17 ms. Found 1 JPA repository interface.
2026-02-26T20:43:42.985+05:30  INFO 51805 --- [14_Spring_test_log_and_web_doc] [main] o.s.boot.tomcat.TomcatWebServer          : Tomcat initialized with port 8080 (http)
2026-02-26T20:43:42.991+05:30  INFO 51805 --- [14_Spring_test_log_and_web_doc] [main] o.apache.catalina.core.StandardService   : Starting service [Tomcat]
2026-02-26T20:43:42.992+05:30  INFO 51805 --- [14_Spring_test_log_and_web_doc] [main] o.apache.catalina.core.StandardEngine    : Starting Servlet engine: [Apache Tomcat/11.0.18]
2026-02-26T20:43:43.013+05:30  INFO 51805 --- [14_Spring_test_log_and_web_doc] [main] b.w.c.s.WebApplicationContextInitializer : Root WebApplicationContext: initialization completed in 689 ms
2026-02-26T20:43:43.086+05:30  INFO 51805 --- [14_Spring_test_log_and_web_doc] [main] org.hibernate.orm.jpa                    : HHH008540: Processing PersistenceUnitInfo [name: default]
2026-02-26T20:43:43.106+05:30  INFO 51805 --- [14_Spring_test_log_and_web_doc] [main] org.hibernate.orm.core                   : HHH000001: Hibernate ORM core version 7.2.4.Final
2026-02-26T20:43:43.269+05:30  INFO 51805 --- [14_Spring_test_log_and_web_doc] [main] o.s.o.j.p.SpringPersistenceUnitInfo      : No LoadTimeWeaver setup: ignoring JPA class transformer
2026-02-26T20:43:43.284+05:30  INFO 51805 --- [14_Spring_test_log_and_web_doc] [main] com.zaxxer.hikari.HikariDataSource       : HikariPool-1 - Starting...
2026-02-26T20:43:43.363+05:30  INFO 51805 --- [14_Spring_test_log_and_web_doc] [main] com.zaxxer.hikari.pool.HikariPool        : HikariPool-1 - Added connection com.mysql.cj.jdbc.ConnectionImpl@1791e231
2026-02-26T20:43:43.363+05:30  INFO 51805 --- [14_Spring_test_log_and_web_doc] [main] com.zaxxer.hikari.HikariDataSource       : HikariPool-1 - Start completed.
2026-02-26T20:43:43.398+05:30  INFO 51805 --- [14_Spring_test_log_and_web_doc] [main] org.hibernate.orm.connections.pooling    : HHH10001005: Database info:
	Database JDBC URL [jdbc:mysql://localhost:3306/spring_mini_test?allowPublicKeyRetrieval=true&useSSL=false&serverTimezone=UTC&createDatabaseIfNotExist=true]
	Database driver: MySQL Connector/J
	Database dialect: MySQLDialect
	Database version: 8.4.8
	Default catalog/schema: spring_mini_test/undefined
	Autocommit mode: undefined/unknown
	Isolation level: REPEATABLE_READ [default REPEATABLE_READ]
	JDBC fetch size: none
	Pool: DataSourceConnectionProvider
	Minimum pool size: undefined/unknown
	Maximum pool size: undefined/unknown
2026-02-26T20:43:43.753+05:30  INFO 51805 --- [14_Spring_test_log_and_web_doc] [main] org.hibernate.orm.core                   : HHH000489: No JTA platform available (set 'hibernate.transaction.jta.platform' to enable JTA platform integration)
2026-02-26T20:43:43.778+05:30  INFO 51805 --- [14_Spring_test_log_and_web_doc] [main] j.LocalContainerEntityManagerFactoryBean : Initialized JPA EntityManagerFactory for persistence unit 'default'
2026-02-26T20:43:43.812+05:30  INFO 51805 --- [14_Spring_test_log_and_web_doc] [main] o.s.d.j.r.query.QueryEnhancerFactories   : Hibernate is in classpath; If applicable, HQL parser will be used.
2026-02-26T20:43:43.921+05:30  WARN 51805 --- [14_Spring_test_log_and_web_doc] [main] JpaBaseConfiguration$JpaWebConfiguration : spring.jpa.open-in-view is enabled by default. Therefore, database queries may be performed during view rendering. Explicitly configure spring.jpa.open-in-view to disable this warning
2026-02-26T20:43:44.182+05:30  INFO 51805 --- [14_Spring_test_log_and_web_doc] [main] o.s.boot.tomcat.TomcatWebServer          : Tomcat started on port 8080 (http) with context path '/'
2026-02-26T20:43:44.186+05:30  INFO 51805 --- [14_Spring_test_log_and_web_doc] [main] e.i._.Application                        : Started Application in 2.193 seconds (process running for 2.602)
2026-02-26T20:43:44.187+05:30  WARN 51805 --- [14_Spring_test_log_and_web_doc] [main] o.s.core.events.SpringDocAppInitializer  : SpringDoc /v3/api-docs endpoint is enabled by default. To disable it in production, set the property 'springdoc.api-docs.enabled=false'
2026-02-26T20:43:44.188+05:30  WARN 51805 --- [14_Spring_test_log_and_web_doc] [main] o.s.core.events.SpringDocAppInitializer  : SpringDoc /swagger-ui.html endpoint is enabled by default. To disable it in production, set the property 'springdoc.swagger-ui.enabled=false'
2026-02-26T20:43:46.999+05:30  INFO 51805 --- [14_Spring_test_log_and_web_doc] [http-nio-8080-exec-1] o.a.c.c.C.[Tomcat].[localhost].[/]       : Initializing Spring DispatcherServlet 'dispatcherServlet'
2026-02-26T20:43:46.999+05:30  INFO 51805 --- [14_Spring_test_log_and_web_doc] [http-nio-8080-exec-1] o.s.web.servlet.DispatcherServlet        : Initializing Servlet 'dispatcherServlet'
2026-02-26T20:43:47.000+05:30  INFO 51805 --- [14_Spring_test_log_and_web_doc] [http-nio-8080-exec-1] o.s.web.servlet.DispatcherServlet        : Completed initialization in 1 ms
2026-02-26T20:43:47.354+05:30  INFO 51805 --- [14_Spring_test_log_and_web_doc] [http-nio-8080-exec-10] o.springdoc.api.AbstractOpenApiResource  : Init duration for springdoc-openapi is: 130 ms
